<?xml version="1.0" encoding="UTF-8"?>
<Site BuildName="Win32-MSBuild"
	BuildStamp="20230720-2132-Experimental"
	Name="Mattolo"
	Generator="ctest-3.26.0-rc5"
	CompilerName="C:/Program Files/Microsoft Visual Studio/2022/Community/VC/Tools/MSVC/14.35.32215/bin/Hostx86/x64/cl.exe"
	CompilerVersion="19.35.32217.1"
	OSName="Windows"
	Hostname="Mattolo"
	OSRelease=" Personal"
	OSVersion=" (Build 22621)"
	OSPlatform="AMD64"
	Is64Bits="1"
	VendorString="GenuineIntel"
	VendorID="Intel Corporation"
	FamilyID="6"
	ModelID="12"
	ProcessorCacheSize="-1"
	NumberOfLogicalCPU="8"
	NumberOfPhysicalCPU="4"
	TotalVirtualMemory="14214"
	TotalPhysicalMemory="7915"
	LogicalProcessorsPerPhysical="2"
	ProcessorClockFrequency="2419"
	>
	<Testing>
		<StartDateTime>Jul 20 23:33 ora legale Europa occidentale</StartDateTime>
		<StartTestTime>1689888822</StartTestTime>
		<TestList/>
		<EndDateTime>Jul 20 23:33 ora legale Europa occidentale</EndDateTime>
		<EndTestTime>1689888822</EndTestTime>
		<ElapsedMinutes>0</ElapsedMinutes>
	</Testing>
</Site>
